Determining if the pthread_create exist failed with the following output:
Change Dir: /kaggle/openpose/build/caffe/src/openpose_lib-build/CMakeFiles/CMakeTmp

Run Build Command(s):/usr/bin/make cmTC_b2800/fast 
make[3]: Entering directory '/kaggle/openpose/build/caffe/src/openpose_lib-build/CMakeFiles/CMakeTmp'
/usr/bin/make -f CMakeFiles/cmTC_b2800.dir/build.make CMakeFiles/cmTC_b2800.dir/build
make[4]: Entering directory '/kaggle/openpose/build/caffe/src/openpose_lib-build/CMakeFiles/CMakeTmp'
Building C object CMakeFiles/cmTC_b2800.dir/CheckSymbolExists.c.o
/usr/bin/cc    -o CMakeFiles/cmTC_b2800.dir/CheckSymbolExists.c.o   -c /kaggle/openpose/build/caffe/src/openpose_lib-build/CMakeFiles/CMakeTmp/CheckSymbolExists.c
Linking C executable cmTC_b2800
/opt/cmake-3.14.2/bin/cmake -E cmake_link_script CMakeFiles/cmTC_b2800.dir/link.txt --verbose=1
/usr/bin/cc      -rdynamic CMakeFiles/cmTC_b2800.dir/CheckSymbolExists.c.o  -o cmTC_b2800 
CMakeFiles/cmTC_b2800.dir/CheckSymbolExists.c.o: In function `main':
CheckSymbolExists.c:(.text+0x1b): undefined reference to `pthread_create'
collect2: error: ld returned 1 exit status
CMakeFiles/cmTC_b2800.dir/build.make:86: recipe for target 'cmTC_b2800' failed
make[4]: *** [cmTC_b2800] Error 1
make[4]: Leaving directory '/kaggle/openpose/build/caffe/src/openpose_lib-build/CMakeFiles/CMakeTmp'
Makefile:121: recipe for target 'cmTC_b2800/fast' failed
make[3]: *** [cmTC_b2800/fast] Error 2
make[3]: Leaving directory '/kaggle/openpose/build/caffe/src/openpose_lib-build/CMakeFiles/CMakeTmp'

File /kaggle/openpose/build/caffe/src/openpose_lib-build/CMakeFiles/CMakeTmp/CheckSymbolExists.c:
/* */
#include <pthread.h>

int main(int argc, char** argv)
{
  (void)argv;
#ifndef pthread_create
  return ((int*)(&pthread_create))[argc];
#else
  (void)argc;
  return 0;
#endif
}

Determining if the function pthread_create exists in the pthreads failed with the following output:
Change Dir: /kaggle/openpose/build/caffe/src/openpose_lib-build/CMakeFiles/CMakeTmp

Run Build Command(s):/usr/bin/make cmTC_e410a/fast 
make[3]: Entering directory '/kaggle/openpose/build/caffe/src/openpose_lib-build/CMakeFiles/CMakeTmp'
/usr/bin/make -f CMakeFiles/cmTC_e410a.dir/build.make CMakeFiles/cmTC_e410a.dir/build
make[4]: Entering directory '/kaggle/openpose/build/caffe/src/openpose_lib-build/CMakeFiles/CMakeTmp'
Building C object CMakeFiles/cmTC_e410a.dir/CheckFunctionExists.c.o
/usr/bin/cc   -DCHECK_FUNCTION_EXISTS=pthread_create   -o CMakeFiles/cmTC_e410a.dir/CheckFunctionExists.c.o   -c /opt/cmake-3.14.2/share/cmake-3.14/Modules/CheckFunctionExists.c
Linking C executable cmTC_e410a
/opt/cmake-3.14.2/bin/cmake -E cmake_link_script CMakeFiles/cmTC_e410a.dir/link.txt --verbose=1
/usr/bin/cc  -DCHECK_FUNCTION_EXISTS=pthread_create    -rdynamic CMakeFiles/cmTC_e410a.dir/CheckFunctionExists.c.o  -o cmTC_e410a -lpthreads 
/usr/bin/ld: cannot find -lpthreads
collect2: error: ld returned 1 exit status
CMakeFiles/cmTC_e410a.dir/build.make:86: recipe for target 'cmTC_e410a' failed
make[4]: *** [cmTC_e410a] Error 1
make[4]: Leaving directory '/kaggle/openpose/build/caffe/src/openpose_lib-build/CMakeFiles/CMakeTmp'
Makefile:121: recipe for target 'cmTC_e410a/fast' failed
make[3]: *** [cmTC_e410a/fast] Error 2
make[3]: Leaving directory '/kaggle/openpose/build/caffe/src/openpose_lib-build/CMakeFiles/CMakeTmp'


